<?xml version="1.0" encoding="UTF-8"?>
<!-- Generated by org.testng.reporters.JUnitReportReporter -->
<testsuite hostname="IBM-PF31WBAP" failures="0" tests="1" name="com.resumeBuilder.testCases.TC_LoginTest_01" time="23.027" errors="0" timestamp="2024-07-25T12:23:00 IST" skipped="0">
  <testcase classname="com.resumeBuilder.testCases.TC_LoginTest_01" name="loginTest" time="23.027"/>
</testsuite> <!-- com.resumeBuilder.testCases.TC_LoginTest_01 -->
